<?xml version="1.0" encoding="UTF-8"?>
<!-- Generated by org.testng.reporters.JUnitReportReporter -->
<testsuite skipped="0" hostname="Samsul_Alam" name="com.Test.Part1.FramesHandling" tests="1" failures="0" timestamp="2021-07-31T09:56:42 IST" time="6.314" errors="0">
  <testcase name="framesHandlingWithIndex1" time="6.314" classname="com.Test.Part1.FramesHandling"/>
  <system-out/>
</testsuite> <!-- com.Test.Part1.FramesHandling -->
