<?xml version="1.0" encoding="UTF-8"?>
<!-- Generated by org.testng.reporters.JUnitReportReporter -->
<testsuite skipped="0" hostname="Samsul_Alam" name="com.Test.Part1.ActionsClass" tests="1" failures="0" timestamp="2021-07-31T09:48:45 IST" time="7.394" errors="0">
  <testcase name="sliderHandling1" time="7.394" classname="com.Test.Part1.ActionsClass"/>
  <system-out/>
</testsuite> <!-- com.Test.Part1.ActionsClass -->
