<?xml version="1.0" encoding="UTF-8"?>
<!-- Generated by org.testng.reporters.JUnitReportReporter -->
<testsuite skipped="0" hostname="Samsul_Alam" name="com.Test.MySql.MySQLDMLCommands" tests="4" failures="0" timestamp="2021-08-15T18:02:50 IST" time="1.912" errors="0">
  <testcase name="insertData" time="0.440" classname="com.Test.MySql.MySQLDMLCommands"/>
  <system-out/>
  <testcase name="deleteData" time="1.241" classname="com.Test.MySql.MySQLDMLCommands"/>
  <system-out/>
  <testcase name="selectData" time="0.089" classname="com.Test.MySql.MySQLDMLCommands"/>
  <system-out/>
  <testcase name="updateData" time="0.142" classname="com.Test.MySql.MySQLDMLCommands"/>
  <system-out/>
</testsuite> <!-- com.Test.MySql.MySQLDMLCommands -->
