<?xml version="1.0" encoding="UTF-8"?>
<!-- Generated by org.testng.reporters.JUnitReportReporter -->
<testsuite skipped="0" hostname="Samsul_Alam" name="Practice.DropDown" tests="1" failures="0" timestamp="2021-09-11T08:43:54 IST" time="15.392" errors="0">
  <testcase name="checkDropDownSortedTestAutomation" time="15.392" classname="Practice.DropDown"/>
  <system-out/>
</testsuite> <!-- Practice.DropDown -->
