<?xml version="1.0" encoding="UTF-8"?>
<!-- Generated by org.testng.reporters.JUnitReportReporter -->
<testsuite skipped="0" hostname="Samsul_Alam" name="com.Test.Part2.JavaPrograms" tests="1" failures="0" timestamp="2021-10-07T10:31:41 IST" time="8.402" errors="0">
  <testcase name="swappingTwoNumber" time="8.402" classname="com.Test.Part2.JavaPrograms"/>
  <system-out/>
</testsuite> <!-- com.Test.Part2.JavaPrograms -->
