<?xml version="1.0" encoding="UTF-8"?>
<!-- Generated by org.testng.reporters.JUnitReportReporter -->
<testsuite skipped="0" hostname="Samsul_Alam" name="com.Test.Part1.EncodingPasswordsInSelenium" tests="1" failures="0" timestamp="2021-09-14T23:08:07 IST" time="0.051" errors="0">
  <testcase name="encodeDecodeValues" time="0.051" classname="com.Test.Part1.EncodingPasswordsInSelenium"/>
  <system-out/>
</testsuite> <!-- com.Test.Part1.EncodingPasswordsInSelenium -->
