<?xml version="1.0" encoding="UTF-8"?>
<!-- Generated by org.testng.reporters.JUnitReportReporter -->
<testsuite skipped="0" hostname="Samsul_Alam" name="com.Test.Part1.WindowHandling" tests="1" failures="0" timestamp="2021-09-13T14:15:43 IST" time="74.579" errors="0">
  <testcase name="newSeparateWindow" time="74.579" classname="com.Test.Part1.WindowHandling"/>
  <system-out/>
</testsuite> <!-- com.Test.Part1.WindowHandling -->
