<?xml version="1.0" encoding="UTF-8"?>
<!-- Generated by org.testng.reporters.JUnitReportReporter -->
<testsuite skipped="0" hostname="Samsul_Alam" name="com.Test.Part3.JavaPrgrms" tests="2" failures="0" timestamp="2021-08-20T22:00:43 IST" time="0.014" errors="0">
  <testcase name="octalToDecimal" time="0.003" classname="com.Test.Part3.JavaPrgrms"/>
  <system-out/>
  <testcase name="decimalToOctal" time="0.011" classname="com.Test.Part3.JavaPrgrms"/>
  <system-out/>
</testsuite> <!-- com.Test.Part3.JavaPrgrms -->
