<?xml version="1.0" encoding="UTF-8"?>
<!-- Generated by org.testng.reporters.JUnitReportReporter -->
<testsuite skipped="0" hostname="Samsul_Alam" name="com.Test.Part1.AlertPopUpsHandling" tests="3" failures="0" timestamp="2021-07-31T18:41:31 IST" time="84.078" errors="0">
  <testcase name="handlingAlertWithOKbutton" time="26.114" classname="com.Test.Part1.AlertPopUpsHandling"/>
  <system-out/>
  <testcase name="handlingAlertWithOKandCancelButton" time="48.638" classname="com.Test.Part1.AlertPopUpsHandling"/>
  <system-out/>
  <testcase name="handlineAlertWithTextBox" time="9.326" classname="com.Test.Part1.AlertPopUpsHandling"/>
  <system-out/>
</testsuite> <!-- com.Test.Part1.AlertPopUpsHandling -->
