<?xml version="1.0" encoding="UTF-8"?>
<!-- Generated by org.testng.reporters.JUnitReportReporter -->
<testsuite skipped="0" hostname="Samsul_Alam" name="com.Test.Part1.CookiesHandling" tests="1" failures="0" timestamp="2021-09-14T08:31:36 IST" time="3.667" errors="0">
  <testcase name="cookiesHandling" time="3.667" classname="com.Test.Part1.CookiesHandling"/>
  <system-out/>
</testsuite> <!-- com.Test.Part1.CookiesHandling -->
