<?xml version="1.0" encoding="UTF-8"?>
<!-- Generated by org.testng.reporters.JUnitReportReporter -->
<testsuite skipped="0" hostname="Samsul_Alam" name="com.Test.Part2.Practice3" tests="1" failures="0" timestamp="2021-10-15T22:47:59 IST" time="0.039" errors="0">
  <testcase name="arrayPrograms" time="0.039" classname="com.Test.Part2.Practice3"/>
  <system-out/>
</testsuite> <!-- com.Test.Part2.Practice3 -->
