<?xml version="1.0" encoding="UTF-8"?>
<!-- Generated by org.testng.reporters.JUnitReportReporter -->
<testsuite skipped="0" hostname="Samsul_Alam" name="com.Test.Part2.Practice2" tests="1" failures="0" timestamp="2021-10-12T07:25:28 IST" time="0.037" errors="0">
  <testcase name="removeDuplicatesElementFromArray" time="0.037" classname="com.Test.Part2.Practice2"/>
  <system-out/>
</testsuite> <!-- com.Test.Part2.Practice2 -->
