<?xml version="1.0" encoding="UTF-8"?>
<!-- Generated by org.testng.reporters.JUnitReportReporter -->
<testsuite skipped="0" hostname="Samsul_Alam" name="com.Test.Part2.WindowHandling" tests="1" failures="0" timestamp="2021-08-04T11:48:23 IST" time="62.140" errors="0">
  <testcase name="separateMultipleWindow" time="62.140" classname="com.Test.Part2.WindowHandling"/>
  <system-out/>
</testsuite> <!-- com.Test.Part2.WindowHandling -->
