<?xml version="1.0" encoding="UTF-8"?>
<!-- Generated by org.testng.reporters.JUnitReportReporter -->
<testsuite skipped="0" hostname="Samsul_Alam" name="Practice.ActionsClass" tests="1" failures="0" timestamp="2021-09-12T00:03:05 IST" time="21.742" errors="0">
  <testcase name="dragAndDrop" time="21.742" classname="Practice.ActionsClass"/>
  <system-out/>
</testsuite> <!-- Practice.ActionsClass -->
