<?xml version="1.0" encoding="UTF-8"?>
<!-- Generated by org.testng.reporters.JUnitReportReporter -->
<testsuite skipped="0" hostname="Samsul_Alam" name="com.Test.Part1.AuthenticationPopUps" tests="1" failures="0" timestamp="2021-07-31T19:26:03 IST" time="4.997" errors="0">
  <testcase name="handleAuthenticationPopUp" time="4.997" classname="com.Test.Part1.AuthenticationPopUps"/>
  <system-out/>
</testsuite> <!-- com.Test.Part1.AuthenticationPopUps -->
