<?xml version="1.0" encoding="UTF-8"?>
<!-- Generated by org.testng.reporters.JUnitReportReporter -->
<testsuite skipped="0" hostname="Samsul_Alam" name="com.Test.Part1.UploadFileWithSikuli" tests="1" failures="0" timestamp="2021-08-06T23:58:44 IST" time="18.565" errors="0">
  <testcase name="downloadFileInDesiredLocationWithFF" time="18.565" classname="com.Test.Part1.UploadFileWithSikuli"/>
  <system-out/>
</testsuite> <!-- com.Test.Part1.UploadFileWithSikuli -->
