<?xml version="1.0" encoding="UTF-8"?>
<!-- Generated by org.testng.reporters.JUnitReportReporter -->
<testsuite skipped="0" hostname="Samsul_Alam" name="com.Test.Part1.AshotAPIToCompareImages" tests="1" failures="0" timestamp="2021-09-14T13:54:23 IST" time="1.710" errors="0">
  <testcase name="compareImages" time="1.710" classname="com.Test.Part1.AshotAPIToCompareImages"/>
  <system-out/>
</testsuite> <!-- com.Test.Part1.AshotAPIToCompareImages -->
