<?xml version="1.0" encoding="UTF-8"?>
<!-- Generated by org.testng.reporters.JUnitReportReporter -->
<testsuite skipped="0" hostname="Samsul_Alam" name="com.Test.Part2.Practice" tests="1" failures="0" timestamp="2021-10-08T23:15:23 IST" time="3.564" errors="0">
  <testcase name="isPrimeNumber1" time="3.564" classname="com.Test.Part2.Practice"/>
  <system-out/>
</testsuite> <!-- com.Test.Part2.Practice -->
