<?xml version="1.0" encoding="UTF-8"?>
<!-- Generated by org.testng.reporters.JUnitReportReporter -->
<testsuite skipped="0" hostname="Samsul_Alam" name="Practice.HeadlessBrowser" tests="1" failures="0" timestamp="2021-09-09T13:38:39 IST" time="32.922" errors="0">
  <testcase name="htmlUnitDrier" time="32.922" classname="Practice.HeadlessBrowser"/>
  <system-out/>
</testsuite> <!-- Practice.HeadlessBrowser -->
