<?xml version="1.0" encoding="UTF-8"?>
<!-- Generated by org.testng.reporters.JUnitReportReporter -->
<testsuite skipped="0" hostname="Samsul_Alam" name="com.Test.Part1.WaitsInSelenium" tests="1" failures="0" timestamp="2021-08-01T17:06:32 IST" time="36.914" errors="0">
  <testcase name="fluentWait3" time="36.914" classname="com.Test.Part1.WaitsInSelenium"/>
  <system-out/>
</testsuite> <!-- com.Test.Part1.WaitsInSelenium -->
