<?xml version="1.0" encoding="UTF-8"?>
<!-- Generated by org.testng.reporters.JUnitReportReporter -->
<testsuite skipped="0" hostname="Samsul_Alam" name="Practice.webtableHandling" tests="1" failures="0" timestamp="2021-09-08T23:22:35 IST" time="47.945" errors="0">
  <testcase name="webTableHandling3" time="47.945" classname="Practice.webtableHandling"/>
  <system-out/>
</testsuite> <!-- Practice.webtableHandling -->
