<?xml version="1.0" encoding="UTF-8"?>
<!-- Generated by org.testng.reporters.JUnitReportReporter -->
<testsuite skipped="0" hostname="Samsul_Alam" name="com.Test.Part2.PracticePrograms" tests="1" failures="0" timestamp="2021-08-17T17:16:11 IST" time="0.011" errors="0">
  <testcase name="evenOddEleInArrayForEach" time="0.011" classname="com.Test.Part2.PracticePrograms"/>
  <system-out/>
</testsuite> <!-- com.Test.Part2.PracticePrograms -->
