<?xml version="1.0" encoding="UTF-8"?>
<!-- Generated by org.testng.reporters.JUnitReportReporter -->
<testsuite skipped="0" hostname="Samsul_Alam" name="com.Test.Part1.HeadlessBrowser" tests="5" failures="0" timestamp="2021-07-27T08:10:06 IST" time="96.623" errors="0">
  <testcase name="chromeHeadless" time="14.383" classname="com.Test.Part1.HeadlessBrowser"/>
  <system-out/>
  <testcase name="chromHeadless1" time="4.839" classname="com.Test.Part1.HeadlessBrowser"/>
  <system-out/>
  <testcase name="fireFoxHeadless" time="33.050" classname="com.Test.Part1.HeadlessBrowser"/>
  <system-out/>
  <testcase name="fireFoxHeadless1" time="16.738" classname="com.Test.Part1.HeadlessBrowser"/>
  <system-out/>
  <testcase name="htmlUnitDriver" time="27.613" classname="com.Test.Part1.HeadlessBrowser"/>
  <system-out/>
</testsuite> <!-- com.Test.Part1.HeadlessBrowser -->
