<?xml version="1.0" encoding="UTF-8"?>
<!-- Generated by org.testng.reporters.JUnitReportReporter -->
<testsuite skipped="0" hostname="Samsul_Alam" name="com.Test.Part1.DropDownSelect" tests="1" failures="0" timestamp="2021-09-10T07:37:08 IST" time="11.069" errors="0">
  <testcase name="sortedOrderInDropdown" time="11.069" classname="com.Test.Part1.DropDownSelect"/>
  <system-out/>
</testsuite> <!-- com.Test.Part1.DropDownSelect -->
