<?xml version="1.0" encoding="UTF-8"?>
<!-- Generated by org.testng.reporters.JUnitReportReporter -->
<testsuite skipped="0" hostname="Samsul_Alam" name="com.Test.Part1.WindowPopupHandling" tests="1" failures="0" timestamp="2021-09-14T06:58:28 IST" time="48.553" errors="0">
  <testcase name="handleWindowPopUp" time="48.553" classname="com.Test.Part1.WindowPopupHandling"/>
  <system-out/>
</testsuite> <!-- com.Test.Part1.WindowPopupHandling -->
