<?xml version="1.0" encoding="UTF-8"?>
<!-- Generated by org.testng.reporters.JUnitReportReporter -->
<testsuite skipped="0" hostname="Samsul_Alam" name="com.Test.Part1.JavascriptExecutorDemo" tests="1" failures="0" timestamp="2021-08-08T09:35:43 IST" time="24.382" errors="0">
  <testcase name="scrollTillLastPage" time="24.382" classname="com.Test.Part1.JavascriptExecutorDemo"/>
  <system-out/>
</testsuite> <!-- com.Test.Part1.JavascriptExecutorDemo -->
