<?xml version="1.0" encoding="UTF-8"?>
<!-- Generated by org.testng.reporters.JUnitReportReporter -->
<testsuite skipped="0" hostname="Samsul_Alam" name="com.Test.Part1.WebTableHandling" tests="1" failures="0" timestamp="2021-09-08T22:53:27 IST" time="30.340" errors="0">
  <testcase name="tc001_validatingUsernameEnabled" time="30.340" classname="com.Test.Part1.WebTableHandling"/>
  <system-out/>
</testsuite> <!-- com.Test.Part1.WebTableHandling -->
