<?xml version="1.0" encoding="UTF-8"?>
<!-- Generated by org.testng.reporters.JUnitReportReporter -->
<testsuite skipped="0" hostname="Samsul_Alam" name="com.Test.Part1.CalanderPicker" tests="1" failures="0" timestamp="2021-07-28T10:44:13 IST" time="17.791" errors="0">
  <testcase name="calanderCountDays" time="17.791" classname="com.Test.Part1.CalanderPicker"/>
  <system-out/>
</testsuite> <!-- com.Test.Part1.CalanderPicker -->
