<?xml version="1.0" encoding="UTF-8"?>
<!-- Generated by org.testng.reporters.JUnitReportReporter -->
<testsuite skipped="0" hostname="Samsul_Alam" name="com.Test.Part1.ExceptionHandlingNotFoundException" tests="3" failures="0" timestamp="2021-08-02T07:44:22 IST" time="23.957" errors="0">
  <testcase name="NoSuchElementException" time="13.562" classname="com.Test.Part1.ExceptionHandlingNotFoundException"/>
  <system-out/>
  <testcase name="NoSuchAlertPresentException" time="0.008" classname="com.Test.Part1.ExceptionHandlingNotFoundException"/>
  <system-out/>
  <testcase name="NoSuchFrameException" time="10.387" classname="com.Test.Part1.ExceptionHandlingNotFoundException"/>
  <system-out/>
</testsuite> <!-- com.Test.Part1.ExceptionHandlingNotFoundException -->
